*** Starting uWSGI 2.0.17.1 (64bit) on [Sat Nov 10 23:06:26 2018] ***
compiled with version: 5.4.0 20160609 on 08 November 2018 11:48:15
os: Linux-4.4.0-138-generic #164-Ubuntu SMP Tue Oct 2 17:16:02 UTC 2018
nodename: hy305
machine: x86_64
clock source: unix
pcre jit disabled
detected number of CPU cores: 8
current working directory: /home/hy/fr_tf
detected binary path: /home/hy/anaconda2/envs/tfpy3/bin/uwsgi
chdir() to /home/hy/fr_tf
*** WARNING: you are running uWSGI without its master process manager ***
your processes number limit is 95444
your memory page size is 4096 bytes
detected max file descriptor number: 1024
lock engine: pthread robust mutexes
thunder lock: disabled (you can enable it with --thunder-lock)
uwsgi socket 0 bound to TCP address 127.0.0.1:5001 fd 3
Python version: 3.6.2 |Continuum Analytics, Inc.| (default, Jul 20 2017, 13:51:32)  [GCC 4.4.7 20120313 (Red Hat 4.4.7-1)]
*** Python threads support is disabled. You can enable it with --enable-threads ***
Python main interpreter initialized at 0x19050e0
your server socket listen backlog is limited to 100 connections
your mercy for graceful operations on workers is 60 seconds
mapped 72920 bytes (71 KB) for 1 cores
*** Operational MODE: single process ***
Loading model...
2018-11-10 23:06:29.825265: I tensorflow/core/platform/cpu_feature_guard.cc:141] Your CPU supports instructions that this TensorFlow binary was not compiled to use: AVX2 FMA
2018-11-10 23:06:29.891455: I tensorflow/stream_executor/cuda/cuda_gpu_executor.cc:964] successful NUMA node read from SysFS had negative value (-1), but there must be at least one NUMA node, so returning NUMA node zero
2018-11-10 23:06:29.891785: I tensorflow/core/common_runtime/gpu/gpu_device.cc:1411] Found device 0 with properties: 
name: GeForce GTX 780 Ti major: 3 minor: 5 memoryClockRate(GHz): 1.15
pciBusID: 0000:01:00.0
totalMemory: 2.95GiB freeMemory: 2.45GiB
2018-11-10 23:06:29.891807: I tensorflow/core/common_runtime/gpu/gpu_device.cc:1490] Adding visible gpu devices: 0
2018-11-10 23:06:30.068621: I tensorflow/core/common_runtime/gpu/gpu_device.cc:971] Device interconnect StreamExecutor with strength 1 edge matrix:
2018-11-10 23:06:30.068660: I tensorflow/core/common_runtime/gpu/gpu_device.cc:977]      0 
2018-11-10 23:06:30.068667: I tensorflow/core/common_runtime/gpu/gpu_device.cc:990] 0:   N 
2018-11-10 23:06:30.068786: I tensorflow/core/common_runtime/gpu/gpu_device.cc:1103] Created TensorFlow device (/job:localhost/replica:0/task:0/device:GPU:0 with 2158 MB memory) -> physical GPU (device: 0, name: GeForce GTX 780 Ti, pci bus id: 0000:01:00.0, compute capability: 3.5)
Model loaded
Loading MTCNN Face detection model
2018-11-10 23:06:32.805364: I tensorflow/core/common_runtime/gpu/gpu_device.cc:1490] Adding visible gpu devices: 0
2018-11-10 23:06:32.805400: I tensorflow/core/common_runtime/gpu/gpu_device.cc:971] Device interconnect StreamExecutor with strength 1 edge matrix:
2018-11-10 23:06:32.805410: I tensorflow/core/common_runtime/gpu/gpu_device.cc:977]      0 
2018-11-10 23:06:32.805416: I tensorflow/core/common_runtime/gpu/gpu_device.cc:990] 0:   N 
2018-11-10 23:06:32.805496: I tensorflow/core/common_runtime/gpu/gpu_device.cc:1103] Created TensorFlow device (/job:localhost/replica:0/task:0/device:GPU:0 with 2158 MB memory) -> physical GPU (device: 0, name: GeForce GTX 780 Ti, pci bus id: 0000:01:00.0, compute capability: 3.5)
WARNING:tensorflow:From ./mtcnn_detect.py:347: calling reduce_max (from tensorflow.python.ops.math_ops) with keep_dims is deprecated and will be removed in a future version.
Instructions for updating:
keep_dims is deprecated, use keepdims instead
WARNING:tensorflow:From ./mtcnn_detect.py:349: calling reduce_sum (from tensorflow.python.ops.math_ops) with keep_dims is deprecated and will be removed in a future version.
Instructions for updating:
keep_dims is deprecated, use keepdims instead
MTCNN Model loaded
ref features are sotred
WSGI app 0 (mountpoint='') ready in 13 seconds on interpreter 0x19050e0 pid: 7378 (default app)
*** uWSGI is running in multiple interpreter mode ***
spawned uWSGI worker 1 (and the only) (pid: 7378, cores: 1)
